\BOOKMARK [0][-]{chapter.1}{\376\377\0001\000\040\000C\000l\000a\000s\000s\000\040\000I\000n\000d\000e\000x}{}% 1
\BOOKMARK [1][-]{section.1.1}{\376\377\0001\000.\0001\000\040\000C\000l\000a\000s\000s\000\040\000L\000i\000s\000t}{chapter.1}% 2
\BOOKMARK [0][-]{chapter.2}{\376\377\0002\000\040\000F\000i\000l\000e\000\040\000I\000n\000d\000e\000x}{}% 3
\BOOKMARK [1][-]{section.2.1}{\376\377\0002\000.\0001\000\040\000F\000i\000l\000e\000\040\000L\000i\000s\000t}{chapter.2}% 4
\BOOKMARK [0][-]{chapter.3}{\376\377\0003\000\040\000C\000l\000a\000s\000s\000\040\000D\000o\000c\000u\000m\000e\000n\000t\000a\000t\000i\000o\000n}{}% 5
\BOOKMARK [1][-]{section.3.1}{\376\377\0003\000.\0001\000\040\000S\000t\000e\000p\000M\000o\000t\000o\000r\000\040\000C\000l\000a\000s\000s\000\040\000R\000e\000f\000e\000r\000e\000n\000c\000e}{chapter.3}% 6
\BOOKMARK [2][-]{subsection.3.1.1}{\376\377\0003\000.\0001\000.\0001\000\040\000C\000o\000n\000s\000t\000r\000u\000c\000t\000o\000r\000\040\000\046\000\040\000D\000e\000s\000t\000r\000u\000c\000t\000o\000r\000\040\000D\000o\000c\000u\000m\000e\000n\000t\000a\000t\000i\000o\000n}{section.3.1}% 7
\BOOKMARK [3][-]{subsubsection.3.1.1.1}{\376\377\0003\000.\0001\000.\0001\000.\0001\000\040\000S\000t\000e\000p\000M\000o\000t\000o\000r\000\050\000\051}{subsection.3.1.1}% 8
\BOOKMARK [2][-]{subsection.3.1.2}{\376\377\0003\000.\0001\000.\0002\000\040\000M\000e\000m\000b\000e\000r\000\040\000F\000u\000n\000c\000t\000i\000o\000n\000\040\000D\000o\000c\000u\000m\000e\000n\000t\000a\000t\000i\000o\000n}{section.3.1}% 9
\BOOKMARK [3][-]{subsubsection.3.1.2.1}{\376\377\0003\000.\0001\000.\0002\000.\0001\000\040\000\137\000B\000I\000\137\000C\000L\000K\000W\000I\000S\000E\000\137\000R\000O\000T\000\137\000F\000U\000L\000L\000\137\000T\000O\000R\000Q\000U\000E\000\050\000\051}{subsection.3.1.2}% 10
\BOOKMARK [3][-]{subsubsection.3.1.2.2}{\376\377\0003\000.\0001\000.\0002\000.\0002\000\040\000\137\000B\000I\000\137\000C\000T\000R\000\137\000C\000L\000K\000W\000I\000S\000E\000\137\000R\000O\000T\000\137\000F\000U\000L\000L\000\137\000T\000O\000R\000Q\000U\000E\000\050\000\051}{subsection.3.1.2}% 11
\BOOKMARK [3][-]{subsubsection.3.1.2.3}{\376\377\0003\000.\0001\000.\0002\000.\0003\000\040\000\137\000R\000E\000L\000E\000A\000S\000E\000\137\000P\000I\000N\000S\000\050\000\051}{subsection.3.1.2}% 12
\BOOKMARK [3][-]{subsubsection.3.1.2.4}{\376\377\0003\000.\0001\000.\0002\000.\0004\000\040\000\137\000U\000N\000I\000\137\000C\000L\000K\000W\000I\000S\000E\000\137\000R\000O\000T\000\137\000F\000U\000L\000L\000\137\000T\000O\000R\000Q\000U\000E\000\050\000\051}{subsection.3.1.2}% 13
\BOOKMARK [3][-]{subsubsection.3.1.2.5}{\376\377\0003\000.\0001\000.\0002\000.\0005\000\040\000\137\000U\000N\000I\000\137\000C\000T\000R\000\137\000C\000L\000K\000W\000I\000S\000E\000\137\000R\000O\000T\000\137\000F\000U\000L\000L\000\137\000T\000O\000R\000Q\000U\000E\000\050\000\051}{subsection.3.1.2}% 14
\BOOKMARK [3][-]{subsubsection.3.1.2.6}{\376\377\0003\000.\0001\000.\0002\000.\0006\000\040\000b\000e\000g\000i\000n\000\050\000\051}{subsection.3.1.2}% 15
\BOOKMARK [3][-]{subsubsection.3.1.2.7}{\376\377\0003\000.\0001\000.\0002\000.\0007\000\040\000e\000n\000d\000\050\000\051}{subsection.3.1.2}% 16
\BOOKMARK [3][-]{subsubsection.3.1.2.8}{\376\377\0003\000.\0001\000.\0002\000.\0008\000\040\000s\000e\000t\000M\000o\000t\000o\000r\000T\000y\000p\000e\000\050\000\051}{subsection.3.1.2}% 17
\BOOKMARK [3][-]{subsubsection.3.1.2.9}{\376\377\0003\000.\0001\000.\0002\000.\0009\000\040\000s\000e\000t\000M\000o\000v\000\050\000\051}{subsection.3.1.2}% 18
\BOOKMARK [3][-]{subsubsection.3.1.2.10}{\376\377\0003\000.\0001\000.\0002\000.\0001\0000\000\040\000s\000e\000t\000T\000o\000r\000q\000u\000e\000F\000o\000r\000c\000e\000\050\000\051}{subsection.3.1.2}% 19
\BOOKMARK [2][-]{subsection.3.1.3}{\376\377\0003\000.\0001\000.\0003\000\040\000M\000e\000m\000b\000e\000r\000\040\000D\000a\000t\000a\000\040\000D\000o\000c\000u\000m\000e\000n\000t\000a\000t\000i\000o\000n}{section.3.1}% 20
\BOOKMARK [3][-]{subsubsection.3.1.3.1}{\376\377\0003\000.\0001\000.\0003\000.\0001\000\040\000\137\000i\000n\0001\000P\000i\000n}{subsection.3.1.3}% 21
\BOOKMARK [3][-]{subsubsection.3.1.3.2}{\376\377\0003\000.\0001\000.\0003\000.\0002\000\040\000\137\000i\000n\0002\000P\000i\000n}{subsection.3.1.3}% 22
\BOOKMARK [3][-]{subsubsection.3.1.3.3}{\376\377\0003\000.\0001\000.\0003\000.\0003\000\040\000\137\000i\000n\0003\000P\000i\000n}{subsection.3.1.3}% 23
\BOOKMARK [3][-]{subsubsection.3.1.3.4}{\376\377\0003\000.\0001\000.\0003\000.\0004\000\040\000\137\000i\000n\0004\000P\000i\000n}{subsection.3.1.3}% 24
\BOOKMARK [3][-]{subsubsection.3.1.3.5}{\376\377\0003\000.\0001\000.\0003\000.\0005\000\040\000\137\000m\000o\000t\000o\000r\000T}{subsection.3.1.3}% 25
\BOOKMARK [3][-]{subsubsection.3.1.3.6}{\376\377\0003\000.\0001\000.\0003\000.\0006\000\040\000\137\000t\000o\000r\000q\000u\000e\000F}{subsection.3.1.3}% 26
\BOOKMARK [0][-]{chapter.4}{\376\377\0004\000\040\000F\000i\000l\000e\000\040\000D\000o\000c\000u\000m\000e\000n\000t\000a\000t\000i\000o\000n}{}% 27
\BOOKMARK [1][-]{section.4.1}{\376\377\0004\000.\0001\000\040\000S\000t\000e\000p\000M\000o\000t\000o\000r\000.\000c\000p\000p\000\040\000F\000i\000l\000e\000\040\000R\000e\000f\000e\000r\000e\000n\000c\000e}{chapter.4}% 28
\BOOKMARK [1][-]{section.4.2}{\376\377\0004\000.\0002\000\040\000S\000t\000e\000p\000M\000o\000t\000o\000r\000.\000h\000\040\000F\000i\000l\000e\000\040\000R\000e\000f\000e\000r\000e\000n\000c\000e}{chapter.4}% 29
\BOOKMARK [2][-]{subsection.4.2.1}{\376\377\0004\000.\0002\000.\0001\000\040\000M\000a\000c\000r\000o\000\040\000D\000e\000f\000i\000n\000i\000t\000i\000o\000n\000\040\000D\000o\000c\000u\000m\000e\000n\000t\000a\000t\000i\000o\000n}{section.4.2}% 30
\BOOKMARK [3][-]{subsubsection.4.2.1.1}{\376\377\0004\000.\0002\000.\0001\000.\0001\000\040\000I\000N\0001\000\137\000H\000I\000G\000H}{subsection.4.2.1}% 31
\BOOKMARK [3][-]{subsubsection.4.2.1.2}{\376\377\0004\000.\0002\000.\0001\000.\0002\000\040\000I\000N\0001\000\137\000I\000N\000P\000U\000T}{subsection.4.2.1}% 32
\BOOKMARK [3][-]{subsubsection.4.2.1.3}{\376\377\0004\000.\0002\000.\0001\000.\0003\000\040\000I\000N\0001\000\137\000L\000O\000W}{subsection.4.2.1}% 33
\BOOKMARK [3][-]{subsubsection.4.2.1.4}{\376\377\0004\000.\0002\000.\0001\000.\0004\000\040\000I\000N\0001\000\137\000O\000U\000T\000P\000U\000T}{subsection.4.2.1}% 34
\BOOKMARK [3][-]{subsubsection.4.2.1.5}{\376\377\0004\000.\0002\000.\0001\000.\0005\000\040\000I\000N\0002\000\137\000H\000I\000G\000H}{subsection.4.2.1}% 35
\BOOKMARK [3][-]{subsubsection.4.2.1.6}{\376\377\0004\000.\0002\000.\0001\000.\0006\000\040\000I\000N\0002\000\137\000I\000N\000P\000U\000T}{subsection.4.2.1}% 36
\BOOKMARK [3][-]{subsubsection.4.2.1.7}{\376\377\0004\000.\0002\000.\0001\000.\0007\000\040\000I\000N\0002\000\137\000L\000O\000W}{subsection.4.2.1}% 37
\BOOKMARK [3][-]{subsubsection.4.2.1.8}{\376\377\0004\000.\0002\000.\0001\000.\0008\000\040\000I\000N\0002\000\137\000O\000U\000T\000P\000U\000T}{subsection.4.2.1}% 38
\BOOKMARK [3][-]{subsubsection.4.2.1.9}{\376\377\0004\000.\0002\000.\0001\000.\0009\000\040\000I\000N\0003\000\137\000H\000I\000G\000H}{subsection.4.2.1}% 39
\BOOKMARK [3][-]{subsubsection.4.2.1.10}{\376\377\0004\000.\0002\000.\0001\000.\0001\0000\000\040\000I\000N\0003\000\137\000I\000N\000P\000U\000T}{subsection.4.2.1}% 40
\BOOKMARK [3][-]{subsubsection.4.2.1.11}{\376\377\0004\000.\0002\000.\0001\000.\0001\0001\000\040\000I\000N\0003\000\137\000L\000O\000W}{subsection.4.2.1}% 41
\BOOKMARK [3][-]{subsubsection.4.2.1.12}{\376\377\0004\000.\0002\000.\0001\000.\0001\0002\000\040\000I\000N\0003\000\137\000O\000U\000T\000P\000U\000T}{subsection.4.2.1}% 42
\BOOKMARK [3][-]{subsubsection.4.2.1.13}{\376\377\0004\000.\0002\000.\0001\000.\0001\0003\000\040\000I\000N\0004\000\137\000H\000I\000G\000H}{subsection.4.2.1}% 43
\BOOKMARK [3][-]{subsubsection.4.2.1.14}{\376\377\0004\000.\0002\000.\0001\000.\0001\0004\000\040\000I\000N\0004\000\137\000I\000N\000P\000U\000T}{subsection.4.2.1}% 44
\BOOKMARK [3][-]{subsubsection.4.2.1.15}{\376\377\0004\000.\0002\000.\0001\000.\0001\0005\000\040\000I\000N\0004\000\137\000L\000O\000W}{subsection.4.2.1}% 45
\BOOKMARK [3][-]{subsubsection.4.2.1.16}{\376\377\0004\000.\0002\000.\0001\000.\0001\0006\000\040\000I\000N\0004\000\137\000O\000U\000T\000P\000U\000T}{subsection.4.2.1}% 46
\BOOKMARK [2][-]{subsection.4.2.2}{\376\377\0004\000.\0002\000.\0002\000\040\000E\000n\000u\000m\000e\000r\000a\000t\000i\000o\000n\000\040\000T\000y\000p\000e\000\040\000D\000o\000c\000u\000m\000e\000n\000t\000a\000t\000i\000o\000n}{section.4.2}% 47
\BOOKMARK [3][-]{subsubsection.4.2.2.1}{\376\377\0004\000.\0002\000.\0002\000.\0001\000\040\000d\000i\000r\000e\000c\000t\000R\000o\000t}{subsection.4.2.2}% 48
\BOOKMARK [3][-]{subsubsection.4.2.2.2}{\376\377\0004\000.\0002\000.\0002\000.\0002\000\040\000m\000o\000t\000o\000r\000T\000y\000p\000e}{subsection.4.2.2}% 49
\BOOKMARK [3][-]{subsubsection.4.2.2.3}{\376\377\0004\000.\0002\000.\0002\000.\0003\000\040\000t\000o\000r\000q\000u\000e\000F\000o\000r\000c\000e}{subsection.4.2.2}% 50
\BOOKMARK [0][-]{section*.10}{\376\377\000I\000n\000d\000e\000x}{}% 51
